<?xml version="1.0" encoding="UTF-8"?>
<!-- Generated by org.testng.reporters.JUnitXMLReporter -->
<testsuite hostname="DESKTOP-QT34F0O" ignored="0" name="Test" tests="3" failures="1" timestamp="01 Jun 2022 01:29:50 GMT" time="1.768" errors="0">
  <testcase name="logintest" time="1.181" classname="com.test.Logintest"/>
  <testcase name="failTest" time="0.011" classname="com.test.Logintest">
    <failure type="java.lang.AssertionError" message="expected [test] but found [JavaByKiran | Dashboard]">
      <![CDATA[java.lang.AssertionError: expected [test] but found [JavaByKiran | Dashboard]
at com.test.Logintest.failTest(Logintest.java:37)
... Removed 35 stack frames]]>
    </failure>
  </testcase> <!-- failTest -->
  <testcase name="skipTest" time="0.001" classname="com.test.Logintest">
    <skipped/>
  </testcase> <!-- skipTest -->
</testsuite> <!-- Test -->
